20221015	21:39:56	6772fa6b-2188-4f28-a0e1-02b5802c9cdb	Error: Not allowed by CORS	OPTIONS	/auth	http://localhost:3000
20221015	21:45:32	422fc6cb-3440-405b-871e-36871a16675d	Error: Not allowed by CORS	OPTIONS	/auth	http://localhost:3000
20221015	21:47:12	8f6b24ca-989c-48b9-a4f0-dc49984143cd	Error: Not allowed by CORS	OPTIONS	/	https://web.postman.co
20221015	21:50:38	df5038b6-0b3d-4305-990f-17766cf91f80	Error: Not allowed by CORS	OPTIONS	/auth	http://localhost:3000
20221015	22:48:46	e01ad1c0-3364-491d-a963-786838af2e2a	SyntaxError: Unexpected token m in JSON at position 19	POST	/user	undefined
20221015	22:49:10	28af1477-8df8-4c1f-bd30-b950636cc143	SyntaxError: Unexpected token m in JSON at position 19	POST	/user	undefined
20221015	22:51:23	580d6d13-4a6a-4e06-87dd-6ad231edd65d	SyntaxError: Unexpected token E in JSON at position 72	POST	/user	undefined
20221016	11:59:25	efe797af-7d16-4786-9806-0b8cfa8d835a	Error: Not allowed by CORS	OPTIONS	/auth	http://localhost:3000
20221016	12:00:18	6a187fc3-8275-4c71-95ae-f947aaa0cc16	Error: Not allowed by CORS	OPTIONS	/auth	http://localhost:3000
20221016	12:39:31	5a823d75-6bad-4c52-9b4f-b77147fa3358	Error: Not allowed by CORS	OPTIONS	/auth	http://localhost:3000
20221016	15:43:14	d537b3dd-7da2-4cd0-a99a-0701a60f4fdc	Error: Not allowed by CORS	GET	/users	http://localhost:3000
20221016	15:44:15	b58f3386-5d7f-4a7d-93f3-daa7e193850b	Error: Not allowed by CORS	GET	/users	http://localhost:3000
20221016	15:44:47	c06d5e94-9495-4c5a-825e-8faaef663c30	Error: Not allowed by CORS	OPTIONS	/auth	http://localhost:3000
20221016	15:45:16	1edfbf69-50cc-4a8a-a3b0-4bccb6247ae9	Error: Not allowed by CORS	GET	/users	http://localhost:3000
20221016	15:45:23	7eb094a8-6842-43c9-aefa-8ae5420364af	Error: Not allowed by CORS	OPTIONS	/auth	http://localhost:3000
20221016	15:46:17	d734e417-2981-445d-9c7e-f47890e63ec0	Error: Not allowed by CORS	GET	/users	http://localhost:3000
20221016	15:46:29	db8dee7d-14f1-4b95-9f98-85e4a4894720	Error: Not allowed by CORS	GET	/users	http://localhost:3000
20221016	16:54:13	10b153f3-0e1a-4e70-b70e-f49043cfc995	Error: Not allowed by CORS	OPTIONS	/auth	http://localhost:3000
20221016	16:55:14	66665bd8-f143-4b61-a1f1-6d38287d8bd0	Error: Not allowed by CORS	OPTIONS	/auth	http://localhost:3000
20221019	23:17:57	85b03f74-ac06-489e-84a7-8c607ad626b8	Error: Not allowed by CORS	OPTIONS	/auth	http://localhost:3000
20221019	23:17:59	d9e46c2b-88cd-4160-a019-5bfe8ac79a87	Error: Not allowed by CORS	OPTIONS	/auth	http://localhost:3000
20221019	23:17:59	3a820aac-fb3f-486e-a9b7-4529b78126d2	Error: Not allowed by CORS	OPTIONS	/auth	http://localhost:3000
20221019	23:18:05	e7a4c098-3ab5-48fc-8cd4-57dee327873f	Error: Not allowed by CORS	OPTIONS	/auth	http://localhost:3000
20221019	23:18:05	d1cc1b3a-3abf-457b-8bb4-d2d055864bd6	Error: Not allowed by CORS	OPTIONS	/auth	http://localhost:3000
20221022	12:32:28	f1e23fe4-dcab-4d9d-b052-b7549a01f881	Error: Not allowed by CORS	OPTIONS	/auth	http://localhost:3000
20221022	12:33:15	228dae9e-10d5-42f1-b978-5cd40ea23356	Error: Not allowed by CORS	OPTIONS	/auth	http://localhost:3000
20221022	12:35:17	a80041fe-8c66-4101-91aa-7237debed79a	Error: Not allowed by CORS	OPTIONS	/auth	http://localhost:3000
20221022	12:52:54	06deb905-9665-4d89-9086-0d563eab3442	Error: Not allowed by CORS	OPTIONS	/auth	http://localhost:3000
20221031	12:27:30	61bc3333-148f-4012-943b-8f087acbf8e4	SyntaxError: Unexpected token = in JSON at position 11	POST	/auth/regsiter	undefined
20221106	13:18:03	37fe9173-af16-492f-a2d5-05640161e22c	Error: Not allowed by CORS	OPTIONS	/auth	http://localhost:3000
20221106	13:18:18	8a29f024-9c57-4c6f-83b8-e57e94583598	Error: Not allowed by CORS	OPTIONS	/auth	http://localhost:3000
20221106	13:18:22	11619947-54ed-42f6-9b00-fb63cd68decd	Error: Not allowed by CORS	OPTIONS	/auth	http://localhost:3000
20221106	13:18:27	4b7dadbb-5720-4c61-a291-53dfee9a1d51	Error: Not allowed by CORS	OPTIONS	/auth	http://localhost:3000
20221106	13:18:32	1b241106-9b78-4ae3-a305-c5cddbc0381a	Error: Not allowed by CORS	OPTIONS	/auth	http://localhost:3000
20221106	13:20:52	5f7efc28-94dc-4026-aac7-16ba48ffcfa8	Error: Not allowed by CORS	OPTIONS	/auth	http://localhost:3000
20221106	13:21:30	57a9af93-2dba-4440-8d4d-e79909069f0a	Error: Not allowed by CORS	OPTIONS	/auth	http://localhost:3000
20221106	13:21:40	91c25753-b3f0-48e4-84e5-2a6e5e530a45	Error: Not allowed by CORS	OPTIONS	/auth	http://localhost:3000
20221106	13:21:41	e9e0711e-c1fb-4c52-8971-1dfbc7006d43	Error: Not allowed by CORS	OPTIONS	/auth	http://localhost:3000
20221106	13:21:45	50e40d9e-dd81-4c6e-b02c-92cbc0a077b2	Error: Not allowed by CORS	OPTIONS	/auth	http://localhost:3000
20221129	19:39:54	bed74ddc-33af-4028-bae9-dfd4855a78ba	Error: Not allowed by CORS	OPTIONS	/auth	http://localhost:3001
20221129	19:39:55	c41f58da-47f9-4d35-9abc-10fcd1efa53f	Error: Not allowed by CORS	OPTIONS	/auth	http://localhost:3001
20221129	19:40:11	b525ec91-b8db-42df-a9c8-f979175a321f	Error: Not allowed by CORS	OPTIONS	/auth	http://localhost:3001
20221129	19:40:16	e658ed84-c4ed-4ed6-a8f5-d9a8e9f32ade	Error: Not allowed by CORS	OPTIONS	/auth	http://localhost:3001
20221129	19:41:05	ed336594-2540-4ed0-8f45-92cc70776bf2	Error: Not allowed by CORS	OPTIONS	/auth	http://localhost:3001
20221129	19:41:26	c5fe84f8-0087-4648-81a0-7e3fa2322458	Error: Not allowed by CORS	OPTIONS	/auth	http://localhost:3001
20230101	21:02:08	6020c0c9-da97-4761-9880-a48ec179bb04	ReferenceError: title is not defined	POST	/notes	http://localhost:3000
20230101	21:02:19	e4db2028-7095-4484-a97e-d94c547760ab	ReferenceError: title is not defined	POST	/notes	http://localhost:3000
20230101	21:03:31	9b40ff7f-f667-4284-9f1c-98740f745ec8	ReferenceError: title is not defined	POST	/notes	http://localhost:3000
20230101	21:06:04	1f5f4eee-b516-4eb7-84b0-e8d7826981f8	ReferenceError: title is not defined	POST	/notes	http://localhost:3000
20230101	21:07:40	7372cb41-c046-4326-89bb-dd1591b5986b	ReferenceError: title is not defined	POST	/notes	http://localhost:3000
20230101	21:09:29	82c0efca-99f1-48b5-8fb4-2b18683a2620	ValidationError: Note validation failed: user: Cast to ObjectId failed for value "mhmt" (type string) at path "user" because of "BSONTypeError", gumruk: Path `gumruk` is required.	POST	/notes	http://localhost:3000
20230101	21:16:09	bb0385d3-3fe3-446c-b045-39feed64f8bc	ValidationError: Note validation failed: user: Cast to ObjectId failed for value "mhmt" (type string) at path "user" because of "BSONTypeError", gumruk: Path `gumruk` is required.	POST	/notes	http://localhost:3000
20230101	21:18:02	8e6e1e0e-be50-42f5-b25e-452d8e9b0fe4	ValidationError: Note validation failed: user: Cast to ObjectId failed for value "mhmt" (type string) at path "user" because of "BSONTypeError", gumruk: Path `gumruk` is required.	POST	/notes	http://localhost:3000
20230101	21:30:02	6ce55829-de39-4cf2-b52d-aedd19557a37	ReferenceError: title is not defined	PATCH	/notes	http://localhost:3000
20230101	22:45:23	83fbf939-75d2-42db-bfbc-0ad32916e65c	ReferenceError: title is not defined	PATCH	/notes	http://localhost:3000
20230101	22:46:54	0347e857-ded4-4116-b25d-1efd625a2cf5	ReferenceError: title is not defined	PATCH	/notes	http://localhost:3000
20230101	22:48:12	09e3e261-d4b3-44e4-985d-4eb4e69f70d3	ReferenceError: title is not defined	PATCH	/notes	http://localhost:3000
20230103	22:03:26	ed69f1c4-d795-4730-8baa-ad12c09840b0	ReferenceError: getiren is not defined	PATCH	/cikis	http://localhost:3000
20230103	22:04:10	3b87c3f5-d832-490c-9bf5-be7e4ccf73d4	ReferenceError: getiren is not defined	PATCH	/cikis	http://localhost:3000
20230103	22:04:51	0b24a621-ebc1-4675-b8b0-17848febb802	ReferenceError: getiren is not defined	PATCH	/cikis	http://localhost:3000
20230109	21:38:03	c925125c-7a13-4313-b943-481c5cab4305	TypeError: Note.aggregate(...).lean is not a function	GET	/notes	http://localhost:3000
20230109	21:38:19	5b99b9f3-93ba-4fce-bbfe-0504f374f7e3	TypeError: Note.aggregate(...).lean is not a function	GET	/notes	http://localhost:3000
20230109	21:38:31	651bdd4d-c93a-43ce-b377-6b43f06b28f4	TypeError: Note.aggregate(...).lean is not a function	GET	/notes	http://localhost:3000
20230109	21:38:34	44b7b6ae-58e5-4d10-9f42-791b87650016	TypeError: Note.aggregate(...).lean is not a function	GET	/notes	http://localhost:3000
20230109	21:38:35	a2093387-6bb8-4f71-ae7c-20d76e3ae497	TypeError: Note.aggregate(...).lean is not a function	GET	/notes	http://localhost:3000
20230109	21:38:48	9bbfa63b-3d87-4a67-89c7-daf1361d482c	TypeError: Note.aggregate(...).lean is not a function	GET	/notes	http://localhost:3000
20230109	21:38:51	9acdf23e-375b-404c-8034-b2637883bf71	TypeError: Note.aggregate(...).lean is not a function	GET	/notes	http://localhost:3000
20230109	21:49:21	08734b24-18a6-4fcf-b8e4-0e374b61d3bf	ReferenceError: Cannot access 'notes' before initialization	GET	/notes	http://localhost:3000
20230109	21:49:24	30bb5554-39c5-4d1f-8a97-c094fca7116f	ReferenceError: Cannot access 'notes' before initialization	GET	/notes	http://localhost:3000
20230109	21:49:28	ecde15d2-359c-4e8a-bd9d-05213a417da6	ReferenceError: Cannot access 'notes' before initialization	GET	/notes	http://localhost:3000
20230109	21:49:28	67ca6add-4d52-47fe-a726-feae6bf3538e	ReferenceError: Cannot access 'notes' before initialization	GET	/notes	http://localhost:3000
20230109	21:49:40	06acd11a-b432-479b-82d8-99ed067315f3	ReferenceError: Cannot access 'notes' before initialization	GET	/notes	http://localhost:3000
20230109	21:49:44	f147bb9f-5ec2-43c1-97ad-fb73d58d7e34	ReferenceError: Cannot access 'notes' before initialization	GET	/notes	http://localhost:3000
20230109	21:49:44	ca0265eb-7270-4d79-9b09-6353644275c9	ReferenceError: Cannot access 'notes' before initialization	GET	/notes	http://localhost:3000
20230109	21:49:50	2dd6a16e-28b8-4a7e-a4ba-443fc8b7b964	ReferenceError: Cannot access 'notes' before initialization	GET	/notes	http://localhost:3000
20230109	21:50:00	3191af0e-e562-4537-bf3e-0c838e466562	ReferenceError: Cannot access 'notes' before initialization	GET	/notes	http://localhost:3000
20230109	21:50:02	71c5242b-3cf0-4f6f-8ed7-010aecf0ba50	ReferenceError: Cannot access 'notes' before initialization	GET	/notes	http://localhost:3000
20230109	21:50:05	bd544df3-beb3-488c-a2a9-ac15dffd91f0	ReferenceError: Cannot access 'notes' before initialization	GET	/notes	http://localhost:3000
20230109	21:50:16	bfc717be-5987-41c1-83f3-57e481fc041d	ReferenceError: Cannot access 'notes' before initialization	GET	/notes	http://localhost:3000
20230109	21:50:18	9d0dcc35-5a17-45f3-8c6a-d3a6c3905de4	ReferenceError: Cannot access 'notes' before initialization	GET	/notes	http://localhost:3000
20230109	21:50:21	073f6a50-bb3c-4720-8eb8-7b539198a318	ReferenceError: Cannot access 'notes' before initialization	GET	/notes	http://localhost:3000
20230109	21:50:32	643c2b34-2d6c-48db-a8d2-f507e8682cf6	ReferenceError: Cannot access 'notes' before initialization	GET	/notes	http://localhost:3000
20230109	21:50:34	392ca104-cf75-46f7-a10a-8014ce67ea44	ReferenceError: Cannot access 'notes' before initialization	GET	/notes	http://localhost:3000
20230109	21:50:36	a787e771-973c-4390-b960-7b071c6363d2	ReferenceError: Cannot access 'notes' before initialization	GET	/notes	http://localhost:3000
20230113	23:14:00	597babcc-021b-44c5-8c9d-8eec6812f7c0	TypeError: Cannot read properties of undefined (reading 'get')	GET	/rapor/?page=1	http://localhost:3000
20230113	23:14:53	c41842f2-cf07-4c70-aeec-f5022495e7f1	TypeError: Cannot read properties of undefined (reading 'get')	GET	/rapor/?page=1	http://localhost:3000
